{"uid":"ad70d074cf123bd","name":"Validate Council Output [SouthNorfolkCouncil]","fullName":"features/validate_council_outputs.feature:Validate Council Output","historyId":"484d0c5e2def185d103e4e0bbf55c9cd","time":{"start":1720659097541,"stop":1720659099219,"duration":1678},"status":"failed","statusMessage":"jsonschema.exceptions.ValidationError: 'Today' does not match '\\\\d{2}/\\\\d{2}/\\\\d{4}'\n\nFailed validating 'pattern' in schema['properties']['bins']['items']['properties']['collectionDate']:\n    {'type': 'string', 'pattern': '\\\\d{2}/\\\\d{2}/\\\\d{4}'}\n\nOn instance['bins'][0]['collectionDate']:\n    'Today'","statusTrace":"fixturefunc = <function validate_output_step at 0x7f8e87f2b060>\nrequest = <FixtureRequest for <Function test_scenario_outline[SouthNorfolkCouncil]>>\nkwargs = {'context': <test_validate_council.Context object at 0x7f8e9373f950>}\n\n    def call_fixture_func(\n        fixturefunc: \"_FixtureFunc[FixtureValue]\", request: FixtureRequest, kwargs\n    ) -> FixtureValue:\n        if is_generator(fixturefunc):\n            fixturefunc = cast(\n                Callable[..., Generator[FixtureValue, None, None]], fixturefunc\n            )\n            generator = fixturefunc(**kwargs)\n            try:\n                fixture_result = next(generator)\n            except StopIteration:\n                raise ValueError(f\"{request.fixturename} did not yield a value\") from None\n            finalizer = functools.partial(_teardown_yield_fixture, fixturefunc, generator)\n            request.addfinalizer(finalizer)\n        else:\n            fixturefunc = cast(Callable[..., FixtureValue], fixturefunc)\n>           fixture_result = fixturefunc(**kwargs)\n\n../../../.cache/pypoetry/virtualenvs/uk-bin-collection-EwS6Gn8s-py3.11/lib/python3.11/site-packages/_pytest/fixtures.py:887: \n_ _ _ _ _ _ _ _ _ _ _ _ _ _ _ _ _ _ _ _ _ _ _ _ _ _ _ _ _ _ _ _ _ _ _ _ _ _ _ _ \nuk_bin_collection/tests/step_defs/test_validate_council.py:113: in validate_output_step\n    assert file_handler.validate_json_schema(\nuk_bin_collection/tests/step_defs/step_helpers/file_handler.py:40: in validate_json_schema\n    validate(instance=json_data, schema=schema)\n_ _ _ _ _ _ _ _ _ _ _ _ _ _ _ _ _ _ _ _ _ _ _ _ _ _ _ _ _ _ _ _ _ _ _ _ _ _ _ _ \n\ninstance = {'bins': [{'collectionDate': 'Today', 'type': 'RefuseBin'}, {'collectionDate': '18/07/2024', 'type': 'RecycleBin'}]}\nschema = {'$ref': '#/definitions/BinData', '$schema': 'http://json-schema.org/draft-06/schema#', 'definitions': {'Bin': {'addit...ems': {'$ref': '#/definitions/Bin'}, 'minItems': 1, 'type': 'array'}}, 'required': ['bins'], 'title': 'BinData', ...}}}\ncls = <class 'jsonschema.validators.Draft6Validator'>, args = (), kwargs = {}\nvalidator = Draft6Validator(schema={'$ref': '#/definitions/BinData', '$schema': 'http://json-...ft-06/schema#', 'definitions': {'B...nitions/Bin'}, 'minItems': 1, 'type': 'array'}}, 'required': ['bins'], 'title': 'BinData', ...}}}, format_checker=None)\nerror = <ValidationError: \"'Today' does not match '\\\\\\\\d{2}/\\\\\\\\d{2}/\\\\\\\\d{4}'\">\n\n    def validate(instance, schema, cls=None, *args, **kwargs):  # noqa: D417\n        \"\"\"\n        Validate an instance under the given schema.\n    \n            >>> validate([2, 3, 4], {\"maxItems\": 2})\n            Traceback (most recent call last):\n                ...\n            ValidationError: [2, 3, 4] is too long\n    \n        :func:`~jsonschema.validators.validate` will first verify that the\n        provided schema is itself valid, since not doing so can lead to less\n        obvious error messages and fail in less obvious or consistent ways.\n    \n        If you know you have a valid schema already, especially\n        if you intend to validate multiple instances with\n        the same schema, you likely would prefer using the\n        `jsonschema.protocols.Validator.validate` method directly on a\n        specific validator (e.g. ``Draft202012Validator.validate``).\n    \n    \n        Arguments:\n    \n            instance:\n    \n                The instance to validate\n    \n            schema:\n    \n                The schema to validate with\n    \n            cls (jsonschema.protocols.Validator):\n    \n                The class that will be used to validate the instance.\n    \n        If the ``cls`` argument is not provided, two things will happen\n        in accordance with the specification. First, if the schema has a\n        :kw:`$schema` keyword containing a known meta-schema [#]_ then the\n        proper validator will be used. The specification recommends that\n        all schemas contain :kw:`$schema` properties for this reason. If no\n        :kw:`$schema` property is found, the default validator class is the\n        latest released draft.\n    \n        Any other provided positional and keyword arguments will be passed\n        on when instantiating the ``cls``.\n    \n        Raises:\n    \n            `jsonschema.exceptions.ValidationError`:\n    \n                if the instance is invalid\n    \n            `jsonschema.exceptions.SchemaError`:\n    \n                if the schema itself is invalid\n    \n        .. rubric:: Footnotes\n        .. [#] known by a validator registered with\n            `jsonschema.validators.validates`\n    \n        \"\"\"\n        if cls is None:\n            cls = validator_for(schema)\n    \n        cls.check_schema(schema)\n        validator = cls(schema, *args, **kwargs)\n        error = exceptions.best_match(validator.iter_errors(instance))\n        if error is not None:\n>           raise error\nE           jsonschema.exceptions.ValidationError: 'Today' does not match '\\\\d{2}/\\\\d{2}/\\\\d{4}'\nE           \nE           Failed validating 'pattern' in schema['properties']['bins']['items']['properties']['collectionDate']:\nE               {'type': 'string', 'pattern': '\\\\d{2}/\\\\d{2}/\\\\d{4}'}\nE           \nE           On instance['bins'][0]['collectionDate']:\nE               'Today'\n\n../../../.cache/pypoetry/virtualenvs/uk-bin-collection-EwS6Gn8s-py3.11/lib/python3.11/site-packages/jsonschema/validators.py:1332: ValidationError","flaky":false,"newFailed":false,"newBroken":false,"newPassed":false,"retriesCount":0,"retriesStatusChange":false,"beforeStages":[],"testStage":{"status":"failed","statusMessage":"jsonschema.exceptions.ValidationError: 'Today' does not match '\\\\d{2}/\\\\d{2}/\\\\d{4}'\n\nFailed validating 'pattern' in schema['properties']['bins']['items']['properties']['collectionDate']:\n    {'type': 'string', 'pattern': '\\\\d{2}/\\\\d{2}/\\\\d{4}'}\n\nOn instance['bins'][0]['collectionDate']:\n    'Today'","statusTrace":"fixturefunc = <function validate_output_step at 0x7f8e87f2b060>\nrequest = <FixtureRequest for <Function test_scenario_outline[SouthNorfolkCouncil]>>\nkwargs = {'context': <test_validate_council.Context object at 0x7f8e9373f950>}\n\n    def call_fixture_func(\n        fixturefunc: \"_FixtureFunc[FixtureValue]\", request: FixtureRequest, kwargs\n    ) -> FixtureValue:\n        if is_generator(fixturefunc):\n            fixturefunc = cast(\n                Callable[..., Generator[FixtureValue, None, None]], fixturefunc\n            )\n            generator = fixturefunc(**kwargs)\n            try:\n                fixture_result = next(generator)\n            except StopIteration:\n                raise ValueError(f\"{request.fixturename} did not yield a value\") from None\n            finalizer = functools.partial(_teardown_yield_fixture, fixturefunc, generator)\n            request.addfinalizer(finalizer)\n        else:\n            fixturefunc = cast(Callable[..., FixtureValue], fixturefunc)\n>           fixture_result = fixturefunc(**kwargs)\n\n../../../.cache/pypoetry/virtualenvs/uk-bin-collection-EwS6Gn8s-py3.11/lib/python3.11/site-packages/_pytest/fixtures.py:887: \n_ _ _ _ _ _ _ _ _ _ _ _ _ _ _ _ _ _ _ _ _ _ _ _ _ _ _ _ _ _ _ _ _ _ _ _ _ _ _ _ \nuk_bin_collection/tests/step_defs/test_validate_council.py:113: in validate_output_step\n    assert file_handler.validate_json_schema(\nuk_bin_collection/tests/step_defs/step_helpers/file_handler.py:40: in validate_json_schema\n    validate(instance=json_data, schema=schema)\n_ _ _ _ _ _ _ _ _ _ _ _ _ _ _ _ _ _ _ _ _ _ _ _ _ _ _ _ _ _ _ _ _ _ _ _ _ _ _ _ \n\ninstance = {'bins': [{'collectionDate': 'Today', 'type': 'RefuseBin'}, {'collectionDate': '18/07/2024', 'type': 'RecycleBin'}]}\nschema = {'$ref': '#/definitions/BinData', '$schema': 'http://json-schema.org/draft-06/schema#', 'definitions': {'Bin': {'addit...ems': {'$ref': '#/definitions/Bin'}, 'minItems': 1, 'type': 'array'}}, 'required': ['bins'], 'title': 'BinData', ...}}}\ncls = <class 'jsonschema.validators.Draft6Validator'>, args = (), kwargs = {}\nvalidator = Draft6Validator(schema={'$ref': '#/definitions/BinData', '$schema': 'http://json-...ft-06/schema#', 'definitions': {'B...nitions/Bin'}, 'minItems': 1, 'type': 'array'}}, 'required': ['bins'], 'title': 'BinData', ...}}}, format_checker=None)\nerror = <ValidationError: \"'Today' does not match '\\\\\\\\d{2}/\\\\\\\\d{2}/\\\\\\\\d{4}'\">\n\n    def validate(instance, schema, cls=None, *args, **kwargs):  # noqa: D417\n        \"\"\"\n        Validate an instance under the given schema.\n    \n            >>> validate([2, 3, 4], {\"maxItems\": 2})\n            Traceback (most recent call last):\n                ...\n            ValidationError: [2, 3, 4] is too long\n    \n        :func:`~jsonschema.validators.validate` will first verify that the\n        provided schema is itself valid, since not doing so can lead to less\n        obvious error messages and fail in less obvious or consistent ways.\n    \n        If you know you have a valid schema already, especially\n        if you intend to validate multiple instances with\n        the same schema, you likely would prefer using the\n        `jsonschema.protocols.Validator.validate` method directly on a\n        specific validator (e.g. ``Draft202012Validator.validate``).\n    \n    \n        Arguments:\n    \n            instance:\n    \n                The instance to validate\n    \n            schema:\n    \n                The schema to validate with\n    \n            cls (jsonschema.protocols.Validator):\n    \n                The class that will be used to validate the instance.\n    \n        If the ``cls`` argument is not provided, two things will happen\n        in accordance with the specification. First, if the schema has a\n        :kw:`$schema` keyword containing a known meta-schema [#]_ then the\n        proper validator will be used. The specification recommends that\n        all schemas contain :kw:`$schema` properties for this reason. If no\n        :kw:`$schema` property is found, the default validator class is the\n        latest released draft.\n    \n        Any other provided positional and keyword arguments will be passed\n        on when instantiating the ``cls``.\n    \n        Raises:\n    \n            `jsonschema.exceptions.ValidationError`:\n    \n                if the instance is invalid\n    \n            `jsonschema.exceptions.SchemaError`:\n    \n                if the schema itself is invalid\n    \n        .. rubric:: Footnotes\n        .. [#] known by a validator registered with\n            `jsonschema.validators.validates`\n    \n        \"\"\"\n        if cls is None:\n            cls = validator_for(schema)\n    \n        cls.check_schema(schema)\n        validator = cls(schema, *args, **kwargs)\n        error = exceptions.best_match(validator.iter_errors(instance))\n        if error is not None:\n>           raise error\nE           jsonschema.exceptions.ValidationError: 'Today' does not match '\\\\d{2}/\\\\d{2}/\\\\d{4}'\nE           \nE           Failed validating 'pattern' in schema['properties']['bins']['items']['properties']['collectionDate']:\nE               {'type': 'string', 'pattern': '\\\\d{2}/\\\\d{2}/\\\\d{4}'}\nE           \nE           On instance['bins'][0]['collectionDate']:\nE               'Today'\n\n../../../.cache/pypoetry/virtualenvs/uk-bin-collection-EwS6Gn8s-py3.11/lib/python3.11/site-packages/jsonschema/validators.py:1332: ValidationError","steps":[{"name":"Given the council","time":{"start":1720659097541,"stop":1720659097541,"duration":0},"status":"passed","steps":[],"attachments":[],"parameters":[],"shouldDisplayMessage":false,"stepsCount":0,"attachmentsCount":0,"hasContent":false,"attachmentStep":false},{"name":"When we scrape the data from the council","time":{"start":1720659097541,"stop":1720659099218,"duration":1677},"status":"passed","steps":[],"attachments":[],"parameters":[],"shouldDisplayMessage":false,"stepsCount":0,"attachmentsCount":0,"hasContent":false,"attachmentStep":false},{"name":"Then the result is valid json","time":{"start":1720659099218,"stop":1720659099218,"duration":0},"status":"passed","steps":[],"attachments":[],"parameters":[],"shouldDisplayMessage":false,"stepsCount":0,"attachmentsCount":0,"hasContent":false,"attachmentStep":false},{"name":"And the output should validate against the schema","time":{"start":1720659099218,"stop":1720659099219,"duration":1},"status":"failed","statusMessage":"'Today' does not match '\\\\d{2}/\\\\d{2}/\\\\d{4}'\n\nFailed validating 'pattern' in schema['properties']['bins']['items']['properties']['collectionDate']:\n    {'type': 'string', 'pattern': '\\\\d{2}/\\\\d{2}/\\\\d{4}'}\n\nOn instance['bins'][0]['collectionDate']:\n    'Today'","statusTrace":"jsonschema.exceptions.ValidationError: 'Today' does not match '\\\\d{2}/\\\\d{2}/\\\\d{4}'\n\nFailed validating 'pattern' in schema['properties']['bins']['items']['properties']['collectionDate']:\n    {'type': 'string', 'pattern': '\\\\d{2}/\\\\d{2}/\\\\d{4}'}\n\nOn instance['bins'][0]['collectionDate']:\n    'Today'\n","steps":[],"attachments":[],"parameters":[],"shouldDisplayMessage":true,"stepsCount":0,"attachmentsCount":0,"hasContent":true,"attachmentStep":false}],"attachments":[{"uid":"7a1bc88e9cc215b6","name":"log","source":"7a1bc88e9cc215b6.txt","type":"text/plain","size":319},{"uid":"2f6e7feb16a50edd","name":"stdout","source":"2f6e7feb16a50edd.txt","type":"text/plain","size":46}],"parameters":[],"shouldDisplayMessage":true,"stepsCount":4,"attachmentsCount":2,"hasContent":true,"attachmentStep":false},"afterStages":[],"labels":[{"name":"host","value":"fv-az1535-465"},{"name":"thread","value":"2696-MainThread"},{"name":"framework","value":"pytest-bdd"},{"name":"language","value":"cpython3"},{"name":"feature","value":"Test each council output matches expected results"},{"name":"resultFormat","value":"allure2"}],"parameters":[{"name":"council","value":"SouthNorfolkCouncil"}],"links":[],"hidden":false,"retry":false,"extra":{"severity":"normal","retries":[],"categories":[{"name":"Product defects","matchedStatuses":[],"flaky":false}],"history":{"statistic":{"failed":24,"broken":0,"skipped":0,"passed":218,"unknown":0,"total":242},"items":[{"uid":"c86a839dc5ae9ffa","reportUrl":"https://robbrad.github.io/UKBinCollectionData/3.11/1977//#testresult/c86a839dc5ae9ffa","status":"failed","statusDetails":"jsonschema.exceptions.ValidationError: 'Tomorrow' does not match '\\\\d{2}/\\\\d{2}/\\\\d{4}'\n\nFailed validating 'pattern' in schema['properties']['bins']['items']['properties']['collectionDate']:\n    {'type': 'string', 'pattern': '\\\\d{2}/\\\\d{2}/\\\\d{4}'}\n\nOn instance['bins'][0]['collectionDate']:\n    'Tomorrow'","time":{"start":1720572651574,"stop":1720572653697,"duration":2123}},{"uid":"bfeca8a2f388027d","reportUrl":"https://robbrad.github.io/UKBinCollectionData/3.11/1976//#testresult/bfeca8a2f388027d","status":"passed","time":{"start":1720485873582,"stop":1720485875273,"duration":1691}},{"uid":"343301cf6725dfe1","reportUrl":"https://robbrad.github.io/UKBinCollectionData/3.11/1975//#testresult/343301cf6725dfe1","status":"passed","time":{"start":1720399473662,"stop":1720399475133,"duration":1471}},{"uid":"c83b42b6a845cafa","reportUrl":"https://robbrad.github.io/UKBinCollectionData/3.11/1971//#testresult/c83b42b6a845cafa","status":"passed","time":{"start":1720313278990,"stop":1720313280645,"duration":1655}},{"uid":"8affab5d54e1166e","reportUrl":"https://robbrad.github.io/UKBinCollectionData/3.11/1970//#testresult/8affab5d54e1166e","status":"passed","time":{"start":1720226735002,"stop":1720226736895,"duration":1893}},{"uid":"f4a39fb56c270f80","reportUrl":"https://robbrad.github.io/UKBinCollectionData/3.11/1969//#testresult/f4a39fb56c270f80","status":"failed","statusDetails":"jsonschema.exceptions.ValidationError: [] should be non-empty\n\nFailed validating 'minItems' in schema['properties']['bins']:\n    {'items': {'$ref': '#/definitions/Bin'}, 'minItems': 1, 'type': 'array'}\n\nOn instance['bins']:\n    []","time":{"start":1720139949271,"stop":1720139949671,"duration":400}},{"uid":"f4e21356067f10a9","reportUrl":"https://robbrad.github.io/UKBinCollectionData/3.11/1968//#testresult/f4e21356067f10a9","status":"failed","statusDetails":"jsonschema.exceptions.ValidationError: 'Today' does not match '\\\\d{2}/\\\\d{2}/\\\\d{4}'\n\nFailed validating 'pattern' in schema['properties']['bins']['items']['properties']['collectionDate']:\n    {'pattern': '\\\\d{2}/\\\\d{2}/\\\\d{4}', 'type': 'string'}\n\nOn instance['bins'][1]['collectionDate']:\n    'Today'","time":{"start":1720053629805,"stop":1720053631316,"duration":1511}},{"uid":"404ed574e8c0b6fa","reportUrl":"https://robbrad.github.io/UKBinCollectionData/3.11/1967//#testresult/404ed574e8c0b6fa","status":"failed","statusDetails":"jsonschema.exceptions.ValidationError: 'Tomorrow' does not match '\\\\d{2}/\\\\d{2}/\\\\d{4}'\n\nFailed validating 'pattern' in schema['properties']['bins']['items']['properties']['collectionDate']:\n    {'pattern': '\\\\d{2}/\\\\d{2}/\\\\d{4}', 'type': 'string'}\n\nOn instance['bins'][1]['collectionDate']:\n    'Tomorrow'","time":{"start":1719967215204,"stop":1719967216710,"duration":1506}},{"uid":"6595977494e0285b","reportUrl":"https://robbrad.github.io/UKBinCollectionData/3.11/1966//#testresult/6595977494e0285b","status":"passed","time":{"start":1719880980950,"stop":1719880982392,"duration":1442}},{"uid":"26864a59c8efa0b9","reportUrl":"https://robbrad.github.io/UKBinCollectionData/3.11/1965//#testresult/26864a59c8efa0b9","status":"passed","time":{"start":1719794842804,"stop":1719794844367,"duration":1563}},{"uid":"8836aea81e67d880","reportUrl":"https://robbrad.github.io/UKBinCollectionData/3.11/1964//#testresult/8836aea81e67d880","status":"passed","time":{"start":1719708371178,"stop":1719708372763,"duration":1585}},{"uid":"deec3345ceb13ae6","reportUrl":"https://robbrad.github.io/UKBinCollectionData/3.11/1962//#testresult/deec3345ceb13ae6","status":"passed","time":{"start":1719621612286,"stop":1719621613603,"duration":1317}},{"uid":"726249fbf4acbeb6","reportUrl":"https://robbrad.github.io/UKBinCollectionData/3.11/1958//#testresult/726249fbf4acbeb6","status":"passed","time":{"start":1719535179926,"stop":1719535181073,"duration":1147}},{"uid":"3ef734d9e715cef0","reportUrl":"https://robbrad.github.io/UKBinCollectionData/3.11/1954//#testresult/3ef734d9e715cef0","status":"failed","statusDetails":"jsonschema.exceptions.ValidationError: 'Tomorrow' does not match '\\\\d{2}/\\\\d{2}/\\\\d{4}'\n\nFailed validating 'pattern' in schema['properties']['bins']['items']['properties']['collectionDate']:\n    {'pattern': '\\\\d{2}/\\\\d{2}/\\\\d{4}', 'type': 'string'}\n\nOn instance['bins'][0]['collectionDate']:\n    'Tomorrow'","time":{"start":1719362704346,"stop":1719362705515,"duration":1169}},{"uid":"ada3d44bb7960d87","reportUrl":"https://robbrad.github.io/UKBinCollectionData/3.11/1953//#testresult/ada3d44bb7960d87","status":"passed","time":{"start":1719276224470,"stop":1719276225806,"duration":1336}},{"uid":"94b8e6f3fa1d14f7","reportUrl":"https://robbrad.github.io/UKBinCollectionData/3.11/1952//#testresult/94b8e6f3fa1d14f7","status":"passed","time":{"start":1719189984413,"stop":1719189986036,"duration":1623}},{"uid":"4f75214356ef83f5","reportUrl":"https://robbrad.github.io/UKBinCollectionData/3.11/1951//#testresult/4f75214356ef83f5","status":"passed","time":{"start":1719103370729,"stop":1719103372037,"duration":1308}},{"uid":"a9408401ec9cf092","reportUrl":"https://robbrad.github.io/UKBinCollectionData/3.11/1950//#testresult/a9408401ec9cf092","status":"passed","time":{"start":1719017124529,"stop":1719017126189,"duration":1660}},{"uid":"e5f12a3311cc9995","reportUrl":"https://robbrad.github.io/UKBinCollectionData/3.11/1949//#testresult/e5f12a3311cc9995","status":"passed","time":{"start":1718930700913,"stop":1718930702403,"duration":1490}},{"uid":"f6293fa4714ff589","reportUrl":"https://robbrad.github.io/UKBinCollectionData/3.11/1948//#testresult/f6293fa4714ff589","status":"failed","statusDetails":"jsonschema.exceptions.ValidationError: 'Today' does not match '\\\\d{2}/\\\\d{2}/\\\\d{4}'\n\nFailed validating 'pattern' in schema['properties']['bins']['items']['properties']['collectionDate']:\n    {'pattern': '\\\\d{2}/\\\\d{2}/\\\\d{4}', 'type': 'string'}\n\nOn instance['bins'][1]['collectionDate']:\n    'Today'","time":{"start":1718844214750,"stop":1718844216416,"duration":1666}}]},"tags":[]},"source":"ad70d074cf123bd.json","parameterValues":["SouthNorfolkCouncil"]}